app/build/intermediates/proguard-rules/debug/aapt_rules.txt
# Referenced at processDebugManifest/merged/AndroidManifest.xml:243
-keep class android.arch.lifecycle.ProcessLifecycleOwnerInitializer { <init>(...); }
# Referenced at processDebugManifest/merged/AndroidManifest.xml:266
-keep class com.facebook.CurrentAccessTokenExpirationBroadcastReceiver { <init>(...); }
# Referenced at processDebugManifest/merged/AndroidManifest.xml:99
-keep class com.facebook.CustomTabActivity { <init>(...); }
# Referenced at processDebugManifest/merged/AndroidManifest.xml:111
-keep class com.facebook.CustomTabMainActivity { <init>(...); }
# Referenced at processDebugManifest/merged/AndroidManifest.xml:94
-keep class com.facebook.FacebookActivity { <init>(...); }
# Referenced at processDebugManifest/merged/AndroidManifest.xml:261
-keep class com.facebook.internal.FacebookInitProvider { <init>(...); }
# Referenced at processDebugManifest/merged/AndroidManifest.xml:248
-keep class com.facebook.marketing.internal.MarketingInitProvider { <init>(...); }
# Referenced at processDebugManifest/merged/AndroidManifest.xml:140
-keep class com.google.android.gms.auth.api.signin.RevocationBoundService { <init>(...); }
# Referenced at processDebugManifest/merged/AndroidManifest.xml:131
-keep class com.google.android.gms.auth.api.signin.internal.SignInHubActivity { <init>(...); }
# Referenced at processDebugManifest/merged/AndroidManifest.xml:212
-keep class com.google.android.gms.common.api.GoogleApiActivity { <init>(...); }
# Referenced at processDebugManifest/merged/AndroidManifest.xml:172
-keep class com.google.android.gms.measurement.AppMeasurementInstallReferrerReceiver { <init>(...); }
# Referenced at processDebugManifest/merged/AndroidManifest.xml:186
-keep class com.google.android.gms.measurement.AppMeasurementJobService { <init>(...); }
# Referenced at processDebugManifest/merged/AndroidManifest.xml:167
-keep class com.google.android.gms.measurement.AppMeasurementReceiver { <init>(...); }
# Referenced at processDebugManifest/merged/AndroidManifest.xml:182
-keep class com.google.android.gms.measurement.AppMeasurementService { <init>(...); }
# Referenced at processDebugManifest/merged/AndroidManifest.xml:145
-keep class com.google.firebase.auth.internal.FederatedSignInActivity { <init>(...); }
# Referenced at processDebugManifest/merged/AndroidManifest.xml:153
-keep class com.google.firebase.components.ComponentDiscoveryService { <init>(...); }
# Referenced at processDebugManifest/merged/AndroidManifest.xml:192
-keep class com.google.firebase.iid.FirebaseInstanceIdReceiver { <init>(...); }
# Referenced at processDebugManifest/merged/AndroidManifest.xml:204
-keep class com.google.firebase.iid.FirebaseInstanceIdService { <init>(...); }
# Referenced at processDebugManifest/merged/AndroidManifest.xml:123
-keep class com.google.firebase.messaging.FirebaseMessagingService { <init>(...); }
# Referenced at processDebugManifest/merged/AndroidManifest.xml:217
-keep class com.google.firebase.provider.FirebaseInitProvider { <init>(...); }
# Referenced at processDebugManifest/merged/AndroidManifest.xml:27
-keep class com.suitmedia.bundle.sample.BaseApplication { <init>(...); }
# Referenced at processDebugManifest/merged/AndroidManifest.xml:274
-keep class com.suitmedia.bundle.sample.feature.MemberActivity { <init>(...); }
# Referenced at processDebugManifest/merged/AndroidManifest.xml:43
-keep class com.suitmedia.bundle.sample.feature.login.LoginActivity { <init>(...); }
# Referenced at processDebugManifest/merged/AndroidManifest.xml:84
-keep class com.suitmedia.bundle.sample.firebase.fcm.FCMFireBaseInstanceIDService { <init>(...); }
# Referenced at processDebugManifest/merged/AndroidManifest.xml:79
-keep class com.suitmedia.bundle.sample.firebase.fcm.FCMFireBaseMessagingService { <init>(...); }
# Referenced at processDebugManifest/merged/AndroidManifest.xml:301
-keep class com.suitmedia.bundle.sample.fragmentsample.feature.SampleActivity { <init>(...); }
# Referenced at processDebugManifest/merged/AndroidManifest.xml:237
-keep class com.twitter.sdk.android.core.identity.OAuthActivity { <init>(...); }
# Referenced at processDebugManifest/merged/AndroidManifest.xml:227
-keep class com.twitter.sdk.android.tweetcomposer.ComposerActivity { <init>(...); }
# Referenced at processDebugManifest/merged/AndroidManifest.xml:232
-keep class com.twitter.sdk.android.tweetcomposer.TweetUploadService { <init>(...); }
# Referenced at processDebugManifest/merged/AndroidManifest.xml:116
-keep class com.twitter.sdk.android.tweetui.GalleryActivity { <init>(...); }
# Referenced at processDebugManifest/merged/AndroidManifest.xml:112
-keep class com.twitter.sdk.android.tweetui.PlayerActivity { <init>(...); }
# Referenced at res/layout/design_bottom_navigation_item.xml:27
-keep class android.support.design.internal.BaselineLayout { <init>(...); }

# Referenced at res/layout/design_navigation_item.xml:17
-keep class android.support.design.internal.NavigationMenuItemView { <init>(...); }

# Referenced at res/layout/design_navigation_menu.xml:17
-keep class android.support.design.internal.NavigationMenuView { <init>(...); }

# Referenced at res/layout/design_text_input_password_icon.xml:18
-keep class android.support.design.widget.CheckableImageButton { <init>(...); }

# Referenced at res/layout/design_bottom_sheet_dialog.xml:26
-keep class android.support.design.widget.CoordinatorLayout { <init>(...); }

# Referenced at res/layout/mtrl_layout_snackbar.xml:18
# Referenced at res/layout/design_layout_snackbar.xml:18
-keep class android.support.design.widget.Snackbar$SnackbarLayout { <init>(...); }

# Referenced at res/layout/mtrl_layout_snackbar_include.xml:18
# Referenced at res/layout/design_layout_snackbar_include.xml:18
-keep class android.support.design.widget.SnackbarContentLayout { <init>(...); }

# Referenced at res/layout/abc_alert_dialog_material.xml:41
-keep class android.support.v4.widget.NestedScrollView { <init>(...); }

# Referenced at res/layout/abc_select_dialog_material.xml:23
-keep class android.support.v7.app.AlertController$RecycleListView { <init>(...); }

# Referenced at res/layout/abc_action_menu_item_layout.xml:17
-keep class android.support.v7.view.menu.ActionMenuItemView { <init>(...); }

# Referenced at res/layout/abc_expanded_menu_layout.xml:17
-keep class android.support.v7.view.menu.ExpandedMenuView { <init>(...); }

# Referenced at res/layout/abc_popup_menu_item_layout.xml:17
# Referenced at res/layout/abc_list_menu_item_layout.xml:17
# Referenced at res/layout/abc_cascading_menu_item_layout.xml:20
-keep class android.support.v7.view.menu.ListMenuItemView { <init>(...); }

# Referenced at res/layout/abc_screen_toolbar.xml:27
-keep class android.support.v7.widget.ActionBarContainer { <init>(...); }

# Referenced at res/layout/abc_screen_toolbar.xml:43
# Referenced at res/layout/abc_action_mode_bar.xml:19
-keep class android.support.v7.widget.ActionBarContextView { <init>(...); }

# Referenced at res/layout/abc_screen_toolbar.xml:17
-keep class android.support.v7.widget.ActionBarOverlayLayout { <init>(...); }

# Referenced at res/layout/abc_action_menu_layout.xml:17
-keep class android.support.v7.widget.ActionMenuView { <init>(...); }

# Referenced at res/layout/abc_activity_chooser_view.xml:19
-keep class android.support.v7.widget.ActivityChooserView$InnerLayout { <init>(...); }

# Referenced at res/layout/abc_alert_dialog_material.xml:18
-keep class android.support.v7.widget.AlertDialogLayout { <init>(...); }

# Referenced at res/layout/com_facebook_smart_device_dialog_fragment.xml:47
# Referenced at res/layout/com_facebook_device_auth_dialog_fragment.xml:45
-keep class android.support.v7.widget.AppCompatImageView { <init>(...); }

# Referenced at res/layout/abc_alert_dialog_button_bar_material.xml:26
-keep class android.support.v7.widget.ButtonBarLayout { <init>(...); }

# Referenced at res/layout/com_facebook_smart_device_dialog_fragment.xml:22
# Referenced at res/layout/com_facebook_device_auth_dialog_fragment.xml:22
-keep class android.support.v7.widget.CardView { <init>(...); }

# Referenced at res/layout/abc_screen_content_include.xml:19
-keep class android.support.v7.widget.ContentFrameLayout { <init>(...); }

# Referenced at res/layout/abc_alert_dialog_title_material.xml:45
-keep class android.support.v7.widget.DialogTitle { <init>(...); }

# Referenced at res/layout/abc_screen_simple_overlay_action_mode.xml:23
-keep class android.support.v7.widget.FitWindowsFrameLayout { <init>(...); }

# Referenced at res/layout/abc_screen_simple.xml:17
# Referenced at res/layout/abc_dialog_title_material.xml:22
-keep class android.support.v7.widget.FitWindowsLinearLayout { <init>(...); }

# Referenced at res/layout/abc_search_view.xml:75
-keep class android.support.v7.widget.SearchView$SearchAutoComplete { <init>(...); }

# Referenced at res/layout/abc_screen_toolbar.xml:36
-keep class android.support.v7.widget.Toolbar { <init>(...); }

# Referenced at res/layout/abc_screen_simple_overlay_action_mode.xml:32
# Referenced at res/layout/abc_screen_simple.xml:25
-keep class android.support.v7.widget.ViewStubCompat { <init>(...); }

# Referenced at res/layout/abc_alert_dialog_title_material.xml:56
# Referenced at res/layout/abc_alert_dialog_material.xml:52
# Referenced at res/layout/abc_alert_dialog_button_bar_material.xml:43
-keep class android.widget.Space { <init>(...); }

# Referenced at res/layout/browser_actions_context_menu_page.xml:5
-keep class androidx.browser.browseractions.BrowserActionsFallbackMenuView { <init>(...); }

# Referenced at res/layout/listview_header.xml:60
-keep class com.jcodecraeer.xrecyclerview.SimpleViewSwitcher { <init>(...); }

# Referenced at res/layout/tw__activity_composer.xml:21
-keep class com.twitter.sdk.android.tweetcomposer.ComposerView { <init>(...); }

# Referenced at res/layout/tw__composer_view.xml:58
-keep class com.twitter.sdk.android.tweetcomposer.internal.util.ObservableScrollView { <init>(...); }

# Referenced at res/layout/tw__action_bar.xml:28
-keep class com.twitter.sdk.android.tweetui.ToggleImageButton { <init>(...); }

# Referenced at res/layout/tw__action_bar.xml:18
-keep class com.twitter.sdk.android.tweetui.TweetActionBarView { <init>(...); }

# Referenced at res/layout/tw__tweet_quote.xml:51
# Referenced at res/layout/tw__tweet_compact.xml:72
# Referenced at res/layout/tw__tweet.xml:23
-keep class com.twitter.sdk.android.tweetui.internal.AspectRatioFrameLayout { <init>(...); }

# Referenced at res/layout/tw__tweet_quote.xml:62
# Referenced at res/layout/tw__tweet_compact.xml:83
# Referenced at res/layout/tw__tweet.xml:31
-keep class com.twitter.sdk.android.tweetui.internal.MediaBadgeView { <init>(...); }

# Referenced at res/layout/tw__tweet_quote.xml:58
# Referenced at res/layout/tw__tweet_compact.xml:79
# Referenced at res/layout/tw__tweet.xml:27
-keep class com.twitter.sdk.android.tweetui.internal.TweetMediaView { <init>(...); }

# Referenced at res/layout/tw__player_activity.xml:32
-keep class com.twitter.sdk.android.tweetui.internal.VideoControlView { <init>(...); }

# Referenced at res/layout/tw__player_activity.xml:20
-keep class com.twitter.sdk.android.tweetui.internal.VideoView { <init>(...); }

# Referenced at res/layout/tw__gallery_activity.xml:22
-keep class com.twitter.sdk.android.tweetui.internal.ViewPagerFixed { <init>(...); }