app/build/outputs/mapping/debug/seeds.txt
com.suitmedia.bundle.sample.BaseApplication
com.suitmedia.bundle.sample.BaseApplication: BaseApplication()
com.suitmedia.bundle.sample.R$anim: int abc_fade_in
com.suitmedia.bundle.sample.R$anim: int abc_fade_out
com.suitmedia.bundle.sample.R$anim: int abc_grow_fade_in_from_bottom
com.suitmedia.bundle.sample.R$anim: int abc_popup_enter
com.suitmedia.bundle.sample.R$anim: int abc_popup_exit
com.suitmedia.bundle.sample.R$anim: int abc_shrink_fade_out_from_bottom
com.suitmedia.bundle.sample.R$anim: int abc_slide_in_bottom
com.suitmedia.bundle.sample.R$anim: int abc_slide_in_top
com.suitmedia.bundle.sample.R$anim: int abc_slide_out_bottom
com.suitmedia.bundle.sample.R$anim: int abc_slide_out_top
com.suitmedia.bundle.sample.R$anim: int abc_tooltip_enter
com.suitmedia.bundle.sample.R$anim: int abc_tooltip_exit
com.suitmedia.bundle.sample.R$anim: int design_bottom_sheet_slide_in
com.suitmedia.bundle.sample.R$anim: int design_bottom_sheet_slide_out
com.suitmedia.bundle.sample.R$anim: int design_snackbar_in
com.suitmedia.bundle.sample.R$anim: int design_snackbar_out
com.suitmedia.bundle.sample.R$anim: int tw__accelerate_cubic
com.suitmedia.bundle.sample.R$anim: int tw__slide_out
com.suitmedia.bundle.sample.R$animator: int design_appbar_state_list_animator
com.suitmedia.bundle.sample.R$animator: int design_fab_hide_motion_spec
com.suitmedia.bundle.sample.R$animator: int design_fab_show_motion_spec
com.suitmedia.bundle.sample.R$animator: int mtrl_btn_state_list_anim
com.suitmedia.bundle.sample.R$animator: int mtrl_btn_unelevated_state_list_anim
com.suitmedia.bundle.sample.R$animator: int mtrl_chip_state_list_anim
com.suitmedia.bundle.sample.R$animator: int mtrl_fab_hide_motion_spec
com.suitmedia.bundle.sample.R$animator: int mtrl_fab_show_motion_spec
com.suitmedia.bundle.sample.R$animator: int mtrl_fab_transformation_sheet_collapse_spec
com.suitmedia.bundle.sample.R$animator: int mtrl_fab_transformation_sheet_expand_spec
com.suitmedia.bundle.sample.R$attr: int actionBarDivider
com.suitmedia.bundle.sample.R$attr: int actionBarItemBackground
com.suitmedia.bundle.sample.R$attr: int actionBarPopupTheme
com.suitmedia.bundle.sample.R$attr: int actionBarSize
com.suitmedia.bundle.sample.R$attr: int actionBarSplitStyle
com.suitmedia.bundle.sample.R$attr: int actionBarStyle
com.suitmedia.bundle.sample.R$attr: int actionBarTabBarStyle
com.suitmedia.bundle.sample.R$attr: int actionBarTabStyle
com.suitmedia.bundle.sample.R$attr: int actionBarTabTextStyle
com.suitmedia.bundle.sample.R$attr: int actionBarTheme
com.suitmedia.bundle.sample.R$attr: int actionBarWidgetTheme
com.suitmedia.bundle.sample.R$attr: int actionButtonStyle
com.suitmedia.bundle.sample.R$attr: int actionDropDownStyle
com.suitmedia.bundle.sample.R$attr: int actionLayout
com.suitmedia.bundle.sample.R$attr: int actionMenuTextAppearance
com.suitmedia.bundle.sample.R$attr: int actionMenuTextColor
com.suitmedia.bundle.sample.R$attr: int actionModeBackground
com.suitmedia.bundle.sample.R$attr: int actionModeCloseButtonStyle
com.suitmedia.bundle.sample.R$attr: int actionModeCloseDrawable
com.suitmedia.bundle.sample.R$attr: int actionModeCopyDrawable
com.suitmedia.bundle.sample.R$attr: int actionModeCutDrawable
com.suitmedia.bundle.sample.R$attr: int actionModeFindDrawable
com.suitmedia.bundle.sample.R$attr: int actionModePasteDrawable
com.suitmedia.bundle.sample.R$attr: int actionModePopupWindowStyle
com.suitmedia.bundle.sample.R$bool: int abc_action_bar_embed_tabs
com.suitmedia.bundle.sample.R$bool: int abc_allow_stacked_button_bar
com.suitmedia.bundle.sample.R$bool: int abc_config_actionMenuItemAllCaps
com.suitmedia.bundle.sample.R$bool: int mtrl_btn_textappearance_all_caps
...
android.support.v4.app.AppComponentFactory
android.support.v4.app.AppComponentFactory: AppComponentFactory()
android.support.v4.app.AppComponentFactory: android.app.Activity instantiateActivity(java.lang.ClassLoader,java.lang.String,android.content.Intent)
android.support.v4.app.AppComponentFactory: android.app.Application instantiateApplication(java.lang.ClassLoader,java.lang.String)
android.support.v4.app.AppComponentFactory: android.content.BroadcastReceiver instantiateReceiver(java.lang.ClassLoader,java.lang.String,android.content.Intent)
android.support.v4.app.AppComponentFactory: android.content.ContentProvider instantiateProvider(java.lang.ClassLoader,java.lang.String)
android.support.v4.app.AppComponentFactory: android.app.Service instantiateService(java.lang.ClassLoader,java.lang.String,android.content.Intent)
android.support.v4.app.AppComponentFactory: android.app.Application instantiateApplicationCompat(java.lang.ClassLoader,java.lang.String)
android.support.v4.app.AppComponentFactory: android.app.Activity instantiateActivityCompat(java.lang.ClassLoader,java.lang.String,android.content.Intent)
android.support.v4.app.AppComponentFactory: android.content.BroadcastReceiver instantiateReceiverCompat(java.lang.ClassLoader,java.lang.String,android.content.Intent)
android.support.v4.app.AppComponentFactory: android.app.Service instantiateServiceCompat(java.lang.ClassLoader,java.lang.String,android.content.Intent)
android.support.v4.app.AppLaunchChecker
android.support.v4.app.AppLaunchChecker: java.lang.String SHARED_PREFS_NAME
android.support.v4.app.AppLaunchChecker: java.lang.String KEY_STARTED_FROM_LAUNCHER
android.support.v4.app.AppLaunchChecker: boolean hasStartedFromLauncher(android.content.Context)
android.support.v4.app.AppLaunchChecker: void onActivityCreate(android.app.Activity)
android.support.v4.app.AppLaunchChecker: AppLaunchChecker()
android.support.v4.app.AppOpsManagerCompat
android.support.v4.app.AppOpsManagerCompat: int MODE_ALLOWED
android.support.v4.app.AppOpsManagerCompat: int MODE_IGNORED
android.support.v4.app.AppOpsManagerCompat: int MODE_ERRORED
android.support.v4.app.AppOpsManagerCompat: int MODE_DEFAULT
android.support.v4.app.AppOpsManagerCompat: AppOpsManagerCompat()
android.support.v4.app.AppOpsManagerCompat: java.lang.String permissionToOp(java.lang.String)
android.support.v4.app.AppOpsManagerCompat: int noteOp(android.content.Context,java.lang.String,int,java.lang.String)
android.support.v4.app.AppOpsManagerCompat: int noteOpNoThrow(android.content.Context,java.lang.String,int,java.lang.String)
android.support.v4.app.AppOpsManagerCompat: int noteProxyOp(android.content.Context,java.lang.String,java.lang.String)
android.support.v4.app.AppOpsManagerCompat: int noteProxyOpNoThrow(android.content.Context,java.lang.String,java.lang.String)