app/build/outputs/mapping/debug/usage.txt
com.suitmedia.bundle.sample.BaseApplication:
    19:19:public static final synthetic void access$setApplicationComponent$cp(com.suitmedia.bundle.sample.di.component.ApplicationComponent)
com.suitmedia.bundle.sample.BaseApplication$Companion:
    22:22:public final void setApplicationComponent(com.suitmedia.bundle.sample.di.component.ApplicationComponent)
com.suitmedia.bundle.sample.BuildConfig:
    public static final java.lang.String APPLICATION_ID
    public static final java.lang.String BUILD_TYPE
    public static final java.lang.String FLAVOR
    public static final int VERSION_CODE
    public static final java.lang.String VERSION_NAME
    public static final java.lang.String BASE_URL
    public static final java.lang.String ENCRYPT_KEY
    6:6:public BuildConfig()
com.suitmedia.bundle.sample.R:
    10:10:public R()
com.suitmedia.bundle.sample.R$anim
com.suitmedia.bundle.sample.R$animator
com.suitmedia.bundle.sample.R$attr
com.suitmedia.bundle.sample.R$bool
com.suitmedia.bundle.sample.R$color
com.suitmedia.bundle.sample.R$dimen
com.suitmedia.bundle.sample.R$drawable
com.suitmedia.bundle.sample.R$id:
    6365:6365:public R$id()
com.suitmedia.bundle.sample.R$integer
com.suitmedia.bundle.sample.R$interpolator
com.suitmedia.bundle.sample.R$layout
com.suitmedia.bundle.sample.R$mipmap
com.suitmedia.bundle.sample.R$plurals
com.suitmedia.bundle.sample.R$string
com.suitmedia.bundle.sample.R$style
com.suitmedia.bundle.sample.R$styleable
com.suitmedia.bundle.sample.R$xml
com.suitmedia.bundle.sample.base.presenter.BasePresenter:
    public abstract void attachView(java.lang.Object)
    public abstract void detachView()
com.suitmedia.bundle.sample.base.presenter.MvpView
com.suitmedia.bundle.sample.base.presenter.MvpView$DefaultImpls
com.suitmedia.bundle.sample.base.ui.BaseActivity:
    private com.suitmedia.bundle.sample.helper.CommonLoadingDialog mCommonLoadingDialog
    28:28:private final void setMContext(android.content.Context)
    30:30:public final android.support.v7.widget.Toolbar getToolbar()
    30:30:protected final void setToolbar(android.support.v7.widget.Toolbar)
    55:57:protected final void setupToolbarWithTitle(android.support.v7.widget.Toolbar,java.lang.String,boolean)
    78:87:protected final void setupToolbarWithoutBackButton(android.support.v7.widget.Toolbar)
    120:127:public void showLoading(boolean,java.lang.String,java.lang.Integer)
    130:131:public void showLoadingWithText(java.lang.String)
    134:135:public void showLoadingWithText(int)
    138:139:public void hideLoading()
    153:160:public void showConfirmationSingleDialog(java.lang.String,kotlin.jvm.functions.Function0)
    163:165:public void showConfirmationDialog(int,kotlin.jvm.functions.Function0)
    178:180:public void showAlertDialog(int)
    183:187:public final void finishLoad(com.suitmedia.bundle.sample.base.ui.recyclerview.BaseRecyclerView)
    190:200:public final void showEmptyState(boolean,android.view.View,android.view.View)
    203:204:public final void clearRecyclerView(com.suitmedia.bundle.sample.base.ui.recyclerview.BaseRecyclerView)
    public void _$_clearFindViewByIdCache()
com.suitmedia.bundle.sample.base.ui.BaseActivity$showConfirmationSingleDialog$confirmDialog$1
...
com.google.android.gms.internal.config.zzq
com.google.android.gms.internal.config.zzr
com.google.android.gms.internal.config.zzs
com.google.android.gms.internal.config.zzt
com.google.android.gms.internal.config.zzu
com.google.android.gms.internal.config.zzv
com.google.android.gms.internal.config.zzw
com.google.android.gms.internal.config.zzx:
    4:4:public final byte[] getPayload()
com.google.android.gms.internal.firebase_abt.zza
com.google.android.gms.internal.firebase_abt.zzb
com.google.android.gms.internal.firebase_abt.zzc
com.google.android.gms.internal.firebase_abt.zzd
com.google.android.gms.internal.firebase_abt.zze
com.google.android.gms.internal.firebase_abt.zzf
com.google.android.gms.internal.firebase_abt.zzg
com.google.android.gms.internal.firebase_abt.zzh
com.google.android.gms.internal.firebase_abt.zzi
com.google.android.gms.internal.firebase_abt.zzj
com.google.android.gms.internal.firebase_abt.zzk
com.google.android.gms.internal.firebase_abt.zzl
com.google.android.gms.internal.firebase_abt.zzm
com.google.android.gms.internal.firebase_abt.zzn
com.google.android.gms.internal.firebase_abt.zzo
com.google.android.gms.internal.firebase_auth.zza:
    17:20:protected final void zzb(int,android.os.Parcel)
com.google.android.gms.internal.firebase_auth.zzaf:
    1:2:public zzaf(java.lang.String)
com.google.android.gms.internal.firebase_auth.zzag:
    5:5:public final java.lang.String zzcm()
    6:6:public final java.lang.String zzcf()
com.google.android.gms.internal.firebase_auth.zzai:
    5:5:public final java.lang.String zzbx()
    6:6:public final java.lang.String getEmail()
com.google.android.gms.internal.firebase_auth.zzak:
    5:5:public final java.lang.String zzbx()
    6:6:public final java.lang.String getPassword()
com.google.android.gms.internal.firebase_auth.zzam:
    5:5:public final java.lang.String zzcm()
    6:6:public final java.lang.String zzcf()
com.google.android.gms.internal.firebase_auth.zzao:
    6:6:public final java.lang.String zzcm()
    7:7:public final java.lang.String zzcn()
    8:8:public final java.lang.String zzcf()
com.google.android.gms.internal.firebase_auth.zzaq:
    6:6:public final java.lang.String getEmail()
    7:7:public final java.lang.String getPassword()
    8:8:public final java.lang.String zzcf()
com.google.android.gms.internal.firebase_auth.zzas:
    4:4:public final java.lang.String zzbx()
com.google.android.gms.internal.firebase_auth.zzaw:
    5:5:public final java.lang.String getEmail()
    6:6:public final java.lang.String zzcf()
com.google.android.gms.internal.firebase_auth.zzay:
    6:6:public final java.lang.String getEmail()
    7:7:public final java.lang.String getPassword()
    8:8:public final java.lang.String zzbx()
com.google.android.gms.internal.firebase_auth.zzba:
    5:5:public final java.lang.String zzbx()
    6:6:public final com.google.android.gms.internal.firebase_auth.zzdr zzco()
com.google.android.gms.internal.firebase_auth.zzbc:
    5:5:public final java.lang.String zzbx()
    6:6:public final com.google.firebase.auth.PhoneAuthCredential zzcp()
com.google.android.gms.internal.firebase_auth.zzbe:
    4:4:public final java.lang.String zzbx()
com.google.android.gms.internal.firebase_auth.zzbg:
    5:5:public final java.lang.String getToken()
    6:6:public final com.google.firebase.auth.ActionCodeSettings zzcq()
com.google.android.gms.internal.firebase_auth.zzbi:
    6:6:public final java.lang.String getEmail()
    7:7:public final com.google.firebase.auth.ActionCodeSettings zzcq()
    8:8:public final java.lang.String zzcf()
com.google.android.gms.internal.firebase_auth.zzbk:
    4:4:public final com.google.android.gms.internal.firebase_auth.zzdj zzcr()
com.google.android.gms.internal.firebase_auth.zzbm:
    4:4:public final java.lang.String zzcs()
com.google.android.gms.internal.firebase_auth.zzbo:
    4:4:public final java.lang.String zzcf()
com.google.android.gms.internal.firebase_auth.zzbs:
    4:4:public final java.lang.String getToken()